<?xml version="1.0" encoding="UTF-8"?>
<!-- Generated by org.testng.reporters.JUnitXMLReporter -->
<testsuite hostname="pgurakanav00106" ignored="0" name="Test3" tests="1" failures="1" timestamp="05 Sep 2018 17:26:21 GMT" time="2.176" errors="0">
  <testcase name="contestRun" time="2.136" classname="contest.RunnerClass">
    <failure type="java.lang.IndexOutOfBoundsException" message="No group 1">
      <![CDATA[java.lang.IndexOutOfBoundsException: No group 1
at java.util.regex.Matcher.group(Matcher.java:538)
at contest.GetRegexData.regIMDBLinkFromWiki(GetRegexData.java:18)
at contest.RunnerClass.contestRun(RunnerClass.java:68)
at java.util.concurrent.FutureTask.run(FutureTask.java:266)
at java.util.concurrent.ThreadPoolExecutor.runWorker(ThreadPoolExecutor.java:1149)
at java.util.concurrent.ThreadPoolExecutor$Worker.run(ThreadPoolExecutor.java:624)
at java.lang.Thread.run(Thread.java:748)
... Removed 16 stack frames]]>
    </failure>
  </testcase> <!-- contestRun -->
</testsuite> <!-- Test3 -->
